# JRE version: OpenJDK Runtime Environment Temurin-21.0.9+10 (21.0.9+10) (build 21.0.9+10-LTS)
# Java VM: OpenJDK 64-Bit Server VM Temurin-21.0.9+10 (21.0.9+10-LTS, mixed mode, sharing, tiered, compressed oops, compressed class ptrs, parallel gc, windows-amd64)
GC Precious Log:
 CardTable entry size: 512
 CPUs: 8 total, 8 available
 Memory: 11972M
 Large Page Support: Disabled
 NUMA Support: Disabled
 Compressed Oops: Enabled (32-bit)
 Alignments: Space 512K, Generation 512K, Heap 2M
 Heap Min Capacity: 100M
 Heap Initial Capacity: 100M
 Heap Max Capacity: 2G
 Pre-touch: Disabled
 Parallel Workers: 8
Heap:
 PSYoungGen      total 18944K, used 11804K [0x00000000d5580000, 0x00000000d6900000, 0x0000000100000000)
  eden space 16896K, 68% used [0x00000000d5580000,0x00000000d60cf178,0x00000000d6600000)
  from space 2048K, 10% used [0x00000000d6600000,0x00000000d6638000,0x00000000d6800000)
  to   space 1024K, 0% used [0x00000000d6800000,0x00000000d6800000,0x00000000d6900000)
 ParOldGen       total 68608K, used 49157K [0x0000000080000000, 0x0000000084300000, 0x00000000d5580000)
  object space 68608K, 71% used [0x0000000080000000,0x00000000830016c0,0x0000000084300000)
 Metaspace       used 55679K, committed 57088K, reserved 1114112K
  class space    used 6042K, committed 6656K, reserved 1048576K
GC Heap History (20 events):
Event: 14.646 GC heap before
{Heap before GC invocations=30 (full 2):
 PSYoungGen      total 18944K, used 18624K [0x00000000d5580000, 0x00000000d6a00000, 0x0000000100000000)
  eden space 16896K, 100% used [0x00000000d5580000,0x00000000d6600000,0x00000000d6600000)
  from space 2048K, 84% used [0x00000000d6780000,0x00000000d6930000,0x00000000d6980000)
  to   space 512K, 0% used [0x00000000d6980000,0x00000000d6980000,0x00000000d6a00000)
 ParOldGen       total 68608K, used 37975K [0x0000000080000000, 0x0000000084300000, 0x00000000d5580000)
  object space 68608K, 55% used [0x0000000080000000,0x0000000082515e58,0x0000000084300000)
 Metaspace       used 48688K, committed 49984K, reserved 1114112K
  class space    used 5306K, committed 5824K, reserved 1048576K
}
Event: 14.652 GC heap after
{Heap after GC invocations=30 (full 2):
 PSYoungGen      total 17408K, used 512K [0x00000000d5580000, 0x00000000d6d00000, 0x0000000100000000)
  eden space 16896K, 0% used [0x00000000d5580000,0x00000000d5580000,0x00000000d6600000)
  from space 512K, 100% used [0x00000000d6980000,0x00000000d6a00000,0x00000000d6a00000)
  to   space 3584K, 0% used [0x00000000d6600000,0x00000000d6600000,0x00000000d6980000)
 ParOldGen       total 68608K, used 40619K [0x0000000080000000, 0x0000000084300000, 0x00000000d5580000)
  object space 68608K, 59% used [0x0000000080000000,0x00000000827aae80,0x0000000084300000)
 Metaspace       used 48688K, committed 49984K, reserved 1114112K
  class space    used 5306K, committed 5824K, reserved 1048576K
}
Event: 14.711 GC heap before
{Heap before GC invocations=31 (full 2):
 PSYoungGen      total 17408K, used 17408K [0x00000000d5580000, 0x00000000d6d00000, 0x0000000100000000)
  eden space 16896K, 100% used [0x00000000d5580000,0x00000000d6600000,0x00000000d6600000)
  from space 512K, 100% used [0x00000000d6980000,0x00000000d6a00000,0x00000000d6a00000)
  to   space 3584K, 0% used [0x00000000d6600000,0x00000000d6600000,0x00000000d6980000)
 ParOldGen       total 68608K, used 40619K [0x0000000080000000, 0x0000000084300000, 0x00000000d5580000)
  object space 68608K, 59% used [0x0000000080000000,0x00000000827aae80,0x0000000084300000)
 Metaspace       used 48708K, committed 49984K, reserved 1114112K
  class space    used 5308K, committed 5824K, reserved 1048576K
}
Event: 14.714 GC heap after
{Heap after GC invocations=31 (full 2):
 PSYoungGen      total 18944K, used 1568K [0x00000000d5580000, 0x00000000d6b00000, 0x0000000100000000)
  eden space 16896K, 0% used [0x00000000d5580000,0x00000000d5580000,0x00000000d6600000)
  from space 2048K, 76% used [0x00000000d6600000,0x00000000d6788000,0x00000000d6800000)
  to   space 2560K, 0% used [0x00000000d6880000,0x00000000d6880000,0x00000000d6b00000)
 ParOldGen       total 68608K, used 41147K [0x0000000080000000, 0x0000000084300000, 0x00000000d5580000)
  object space 68608K, 59% used [0x0000000080000000,0x000000008282ee80,0x0000000084300000)
 Metaspace       used 48708K, committed 49984K, reserved 1114112K
  class space    used 5308K, committed 5824K, reserved 1048576K
}
Event: 14.895 GC heap before
{Heap before GC invocations=32 (full 2):
 PSYoungGen      total 18944K, used 18464K [0x00000000d5580000, 0x00000000d6b00000, 0x0000000100000000)
  eden space 16896K, 100% used [0x00000000d5580000,0x00000000d6600000,0x00000000d6600000)
  from space 2048K, 76% used [0x00000000d6600000,0x00000000d6788000,0x00000000d6800000)
  to   space 2560K, 0% used [0x00000000d6880000,0x00000000d6880000,0x00000000d6b00000)
 ParOldGen       total 68608K, used 41147K [0x0000000080000000, 0x0000000084300000, 0x00000000d5580000)
  object space 68608K, 59% used [0x0000000080000000,0x000000008282ee80,0x0000000084300000)
 Metaspace       used 48742K, committed 50048K, reserved 1114112K
  class space    used 5309K, committed 5888K, reserved 1048576K
}
Event: 14.900 GC heap after
{Heap after GC invocations=32 (full 2):
 PSYoungGen      total 18944K, used 1728K [0x00000000d5580000, 0x00000000d6a80000, 0x0000000100000000)
  eden space 16896K, 0% used [0x00000000d5580000,0x00000000d5580000,0x00000000d6600000)
  from space 2048K, 84% used [0x00000000d6880000,0x00000000d6a30010,0x00000000d6a80000)
  to   space 2048K, 0% used [0x00000000d6600000,0x00000000d6600000,0x00000000d6800000)
 ParOldGen       total 68608K, used 42595K [0x0000000080000000, 0x0000000084300000, 0x00000000d5580000)
  object space 68608K, 62% used [0x0000000080000000,0x0000000082998e80,0x0000000084300000)
 Metaspace       used 48742K, committed 50048K, reserved 1114112K
  class space    used 5309K, committed 5888K, reserved 1048576K
}
Event: 14.946 GC heap before
{Heap before GC invocations=33 (full 2):
 PSYoungGen      total 18944K, used 18624K [0x00000000d5580000, 0x00000000d6a80000, 0x0000000100000000)
  eden space 16896K, 100% used [0x00000000d5580000,0x00000000d6600000,0x00000000d6600000)
  from space 2048K, 84% used [0x00000000d6880000,0x00000000d6a30010,0x00000000d6a80000)
  to   space 2048K, 0% used [0x00000000d6600000,0x00000000d6600000,0x00000000d6800000)
 ParOldGen       total 68608K, used 42595K [0x0000000080000000, 0x0000000084300000, 0x00000000d5580000)
  object space 68608K, 62% used [0x0000000080000000,0x0000000082998e80,0x0000000084300000)
 Metaspace       used 48751K, committed 50048K, reserved 1114112K
  class space    used 5309K, committed 5888K, reserved 1048576K
}
Event: 14.949 GC heap after
{Heap after GC invocations=33 (full 2):
 PSYoungGen      total 18944K, used 1568K [0x00000000d5580000, 0x00000000d6a00000, 0x0000000100000000)
  eden space 16896K, 0% used [0x00000000d5580000,0x00000000d5580000,0x00000000d6600000)
  from space 2048K, 76% used [0x00000000d6600000,0x00000000d6788000,0x00000000d6800000)
  to   space 2048K, 0% used [0x00000000d6800000,0x00000000d6800000,0x00000000d6a00000)
 ParOldGen       total 68608K, used 44211K [0x0000000080000000, 0x0000000084300000, 0x00000000d5580000)
  object space 68608K, 64% used [0x0000000080000000,0x0000000082b2ce90,0x0000000084300000)
 Metaspace       used 48751K, committed 50048K, reserved 1114112K
  class space    used 5309K, committed 5888K, reserved 1048576K
}
Event: 15.369 GC heap before
{Heap before GC invocations=34 (full 2):
 PSYoungGen      total 18944K, used 18464K [0x00000000d5580000, 0x00000000d6a00000, 0x0000000100000000)
  eden space 16896K, 100% used [0x00000000d5580000,0x00000000d6600000,0x00000000d6600000)
  from space 2048K, 76% used [0x00000000d6600000,0x00000000d6788000,0x00000000d6800000)
  to   space 2048K, 0% used [0x00000000d6800000,0x00000000d6800000,0x00000000d6a00000)
 ParOldGen       total 68608K, used 44211K [0x0000000080000000, 0x0000000084300000, 0x00000000d5580000)
  object space 68608K, 64% used [0x0000000080000000,0x0000000082b2ce90,0x0000000084300000)
 Metaspace       used 50200K, committed 51456K, reserved 1114112K
  class space    used 5499K, committed 6016K, reserved 1048576K
}
Event: 15.373 GC heap after
{Heap after GC invocations=34 (full 2):
 PSYoungGen      total 18432K, used 1044K [0x00000000d5580000, 0x00000000d6980000, 0x0000000100000000)
  eden space 16896K, 0% used [0x00000000d5580000,0x00000000d5580000,0x00000000d6600000)
  from space 1536K, 68% used [0x00000000d6800000,0x00000000d69053e8,0x00000000d6980000)
  to   space 1536K, 0% used [0x00000000d6680000,0x00000000d6680000,0x00000000d6800000)
 ParOldGen       total 68608K, used 45636K [0x0000000080000000, 0x0000000084300000, 0x00000000d5580000)
  object space 68608K, 66% used [0x0000000080000000,0x0000000082c91090,0x0000000084300000)
 Metaspace       used 50200K, committed 51456K, reserved 1114112K
  class space    used 5499K, committed 6016K, reserved 1048576K
}
Event: 15.883 GC heap before
{Heap before GC invocations=35 (full 2):
 PSYoungGen      total 18432K, used 17940K [0x00000000d5580000, 0x00000000d6980000, 0x0000000100000000)
  eden space 16896K, 100% used [0x00000000d5580000,0x00000000d6600000,0x00000000d6600000)
  from space 1536K, 68% used [0x00000000d6800000,0x00000000d69053e8,0x00000000d6980000)
  to   space 1536K, 0% used [0x00000000d6680000,0x00000000d6680000,0x00000000d6800000)
 ParOldGen       total 68608K, used 45636K [0x0000000080000000, 0x0000000084300000, 0x00000000d5580000)
  object space 68608K, 66% used [0x0000000080000000,0x0000000082c91090,0x0000000084300000)
 Metaspace       used 51093K, committed 52352K, reserved 1114112K
  class space    used 5620K, committed 6144K, reserved 1048576K
}
Event: 15.885 GC heap after
{Heap after GC invocations=35 (full 2):
 PSYoungGen      total 17408K, used 352K [0x00000000d5580000, 0x00000000d6880000, 0x0000000100000000)
  eden space 16896K, 0% used [0x00000000d5580000,0x00000000d5580000,0x00000000d6600000)
  from space 512K, 68% used [0x00000000d6680000,0x00000000d66d8000,0x00000000d6700000)
  to   space 1024K, 0% used [0x00000000d6780000,0x00000000d6780000,0x00000000d6880000)
 ParOldGen       total 68608K, used 46544K [0x0000000080000000, 0x0000000084300000, 0x00000000d5580000)
  object space 68608K, 67% used [0x0000000080000000,0x0000000082d74260,0x0000000084300000)
 Metaspace       used 51093K, committed 52352K, reserved 1114112K
  class space    used 5620K, committed 6144K, reserved 1048576K
}
Event: 16.361 GC heap before
{Heap before GC invocations=36 (full 2):
 PSYoungGen      total 17408K, used 17248K [0x00000000d5580000, 0x00000000d6880000, 0x0000000100000000)
  eden space 16896K, 100% used [0x00000000d5580000,0x00000000d6600000,0x00000000d6600000)
  from space 512K, 68% used [0x00000000d6680000,0x00000000d66d8000,0x00000000d6700000)
  to   space 1024K, 0% used [0x00000000d6780000,0x00000000d6780000,0x00000000d6880000)
 ParOldGen       total 68608K, used 46544K [0x0000000080000000, 0x0000000084300000, 0x00000000d5580000)
  object space 68608K, 67% used [0x0000000080000000,0x0000000082d74260,0x0000000084300000)
 Metaspace       used 52468K, committed 53696K, reserved 1114112K
  class space    used 5757K, committed 6272K, reserved 1048576K
}
Event: 16.363 GC heap after
{Heap after GC invocations=36 (full 2):
 PSYoungGen      total 17408K, used 488K [0x00000000d5580000, 0x00000000d6800000, 0x0000000100000000)
  eden space 16896K, 0% used [0x00000000d5580000,0x00000000d5580000,0x00000000d6600000)
  from space 512K, 95% used [0x00000000d6780000,0x00000000d67fa190,0x00000000d6800000)
  to   space 1024K, 0% used [0x00000000d6600000,0x00000000d6600000,0x00000000d6700000)
 ParOldGen       total 68608K, used 46792K [0x0000000080000000, 0x0000000084300000, 0x00000000d5580000)
  object space 68608K, 68% used [0x0000000080000000,0x0000000082db2260,0x0000000084300000)
 Metaspace       used 52468K, committed 53696K, reserved 1114112K
  class space    used 5757K, committed 6272K, reserved 1048576K
}
Event: 16.758 GC heap before
{Heap before GC invocations=37 (full 2):
 PSYoungGen      total 17408K, used 17384K [0x00000000d5580000, 0x00000000d6800000, 0x0000000100000000)
  eden space 16896K, 100% used [0x00000000d5580000,0x00000000d6600000,0x00000000d6600000)
  from space 512K, 95% used [0x00000000d6780000,0x00000000d67fa190,0x00000000d6800000)
  to   space 1024K, 0% used [0x00000000d6600000,0x00000000d6600000,0x00000000d6700000)
 ParOldGen       total 68608K, used 46792K [0x0000000080000000, 0x0000000084300000, 0x00000000d5580000)
  object space 68608K, 68% used [0x0000000080000000,0x0000000082db2260,0x0000000084300000)
 Metaspace       used 54139K, committed 55424K, reserved 1114112K
  class space    used 5896K, committed 6464K, reserved 1048576K
}
Event: 16.781 GC heap after
{Heap after GC invocations=37 (full 2):
 PSYoungGen      total 17920K, used 1011K [0x00000000d5580000, 0x00000000d6b00000, 0x0000000100000000)
  eden space 16896K, 0% used [0x00000000d5580000,0x00000000d5580000,0x00000000d6600000)
  from space 1024K, 98% used [0x00000000d6600000,0x00000000d66fcec8,0x00000000d6700000)
  to   space 2560K, 0% used [0x00000000d6880000,0x00000000d6880000,0x00000000d6b00000)
 ParOldGen       total 68608K, used 47828K [0x0000000080000000, 0x0000000084300000, 0x00000000d5580000)
  object space 68608K, 69% used [0x0000000080000000,0x0000000082eb5078,0x0000000084300000)
 Metaspace       used 54139K, committed 55424K, reserved 1114112K
  class space    used 5896K, committed 6464K, reserved 1048576K
}
Event: 16.853 GC heap before
{Heap before GC invocations=38 (full 2):
 PSYoungGen      total 17920K, used 17907K [0x00000000d5580000, 0x00000000d6b00000, 0x0000000100000000)
  eden space 16896K, 100% used [0x00000000d5580000,0x00000000d6600000,0x00000000d6600000)
  from space 1024K, 98% used [0x00000000d6600000,0x00000000d66fcec8,0x00000000d6700000)
  to   space 2560K, 0% used [0x00000000d6880000,0x00000000d6880000,0x00000000d6b00000)
 ParOldGen       total 68608K, used 47828K [0x0000000080000000, 0x0000000084300000, 0x00000000d5580000)
  object space 68608K, 69% used [0x0000000080000000,0x0000000082eb5078,0x0000000084300000)
 Metaspace       used 54163K, committed 55424K, reserved 1114112K
  class space    used 5896K, committed 6464K, reserved 1048576K
}
Event: 16.855 GC heap after
{Heap after GC invocations=38 (full 2):
 PSYoungGen      total 18432K, used 1313K [0x00000000d5580000, 0x00000000d6a00000, 0x0000000100000000)
  eden space 16896K, 0% used [0x00000000d5580000,0x00000000d5580000,0x00000000d6600000)
  from space 1536K, 85% used [0x00000000d6880000,0x00000000d69c8598,0x00000000d6a00000)
  to   space 2048K, 0% used [0x00000000d6600000,0x00000000d6600000,0x00000000d6800000)
 ParOldGen       total 68608K, used 48931K [0x0000000080000000, 0x0000000084300000, 0x00000000d5580000)
  object space 68608K, 71% used [0x0000000080000000,0x0000000082fc8f68,0x0000000084300000)
 Metaspace       used 54163K, committed 55424K, reserved 1114112K
  class space    used 5896K, committed 6464K, reserved 1048576K
}
Event: 16.938 GC heap before
{Heap before GC invocations=39 (full 2):
 PSYoungGen      total 18432K, used 18209K [0x00000000d5580000, 0x00000000d6a00000, 0x0000000100000000)
  eden space 16896K, 100% used [0x00000000d5580000,0x00000000d6600000,0x00000000d6600000)
  from space 1536K, 85% used [0x00000000d6880000,0x00000000d69c8598,0x00000000d6a00000)
  to   space 2048K, 0% used [0x00000000d6600000,0x00000000d6600000,0x00000000d6800000)
 ParOldGen       total 68608K, used 48931K [0x0000000080000000, 0x0000000084300000, 0x00000000d5580000)
  object space 68608K, 71% used [0x0000000080000000,0x0000000082fc8f68,0x0000000084300000)
 Metaspace       used 55156K, committed 56512K, reserved 1114112K
  class space    used 5978K, committed 6592K, reserved 1048576K
}
Event: 16.939 GC heap after
{Heap after GC invocations=39 (full 2):
 PSYoungGen      total 18944K, used 224K [0x00000000d5580000, 0x00000000d6900000, 0x0000000100000000)
  eden space 16896K, 0% used [0x00000000d5580000,0x00000000d5580000,0x00000000d6600000)
  from space 2048K, 10% used [0x00000000d6600000,0x00000000d6638000,0x00000000d6800000)
  to   space 1024K, 0% used [0x00000000d6800000,0x00000000d6800000,0x00000000d6900000)
 ParOldGen       total 68608K, used 49157K [0x0000000080000000, 0x0000000084300000, 0x00000000d5580000)
  object space 68608K, 71% used [0x0000000080000000,0x00000000830016c0,0x0000000084300000)
 Metaspace       used 55156K, committed 56512K, reserved 1114112K
  class space    used 5978K, committed 6592K, reserved 1048576K
}

