# JRE version: OpenJDK Runtime Environment Temurin-21.0.9+10 (21.0.9+10) (build 21.0.9+10-LTS)
# Java VM: OpenJDK 64-Bit Server VM Temurin-21.0.9+10 (21.0.9+10-LTS, mixed mode, sharing, tiered, compressed oops, compressed class ptrs, parallel gc, windows-amd64)
GC Precious Log:
 CardTable entry size: 512
 CPUs: 8 total, 8 available
 Memory: 11972M
 Large Page Support: Disabled
 NUMA Support: Disabled
 Compressed Oops: Enabled (32-bit)
 Alignments: Space 512K, Generation 512K, Heap 2M
 Heap Min Capacity: 100M
 Heap Initial Capacity: 100M
 Heap Max Capacity: 2G
 Pre-touch: Disabled
 Parallel Workers: 8
Heap:
 PSYoungGen      total 21504K, used 8468K [0x00000000d5580000, 0x00000000d6d80000, 0x0000000100000000)
  eden space 20992K, 38% used [0x00000000d5580000,0x00000000d5d4ae78,0x00000000d6a00000)
  from space 512K, 95% used [0x00000000d6b80000,0x00000000d6bfa460,0x00000000d6c00000)
  to   space 1536K, 0% used [0x00000000d6a00000,0x00000000d6a00000,0x00000000d6b80000)
 ParOldGen       total 68608K, used 41272K [0x0000000080000000, 0x0000000084300000, 0x00000000d5580000)
  object space 68608K, 60% used [0x0000000080000000,0x000000008284e358,0x0000000084300000)
 Metaspace       used 42680K, committed 43840K, reserved 1114112K
  class space    used 4167K, committed 4672K, reserved 1048576K
GC Heap History (20 events):
Event: 14.457 GC heap before
{Heap before GC invocations=35 (full 2):
 PSYoungGen      total 22528K, used 22496K [0x00000000d5580000, 0x00000000d6c80000, 0x0000000100000000)
  eden space 22016K, 100% used [0x00000000d5580000,0x00000000d6b00000,0x00000000d6b00000)
  from space 512K, 93% used [0x00000000d6c00000,0x00000000d6c78000,0x00000000d6c80000)
  to   space 512K, 0% used [0x00000000d6b80000,0x00000000d6b80000,0x00000000d6c00000)
 ParOldGen       total 68608K, used 37599K [0x0000000080000000, 0x0000000084300000, 0x00000000d5580000)
  object space 68608K, 54% used [0x0000000080000000,0x00000000824b7ec8,0x0000000084300000)
 Metaspace       used 40948K, committed 41984K, reserved 1114112K
  class space    used 4073K, committed 4544K, reserved 1048576K
}
Event: 14.458 GC heap after
{Heap after GC invocations=35 (full 2):
 PSYoungGen      total 22528K, used 504K [0x00000000d5580000, 0x00000000d6d00000, 0x0000000100000000)
  eden space 22016K, 0% used [0x00000000d5580000,0x00000000d5580000,0x00000000d6b00000)
  from space 512K, 98% used [0x00000000d6b80000,0x00000000d6bfe278,0x00000000d6c00000)
  to   space 1024K, 0% used [0x00000000d6c00000,0x00000000d6c00000,0x00000000d6d00000)
 ParOldGen       total 68608K, used 37791K [0x0000000080000000, 0x0000000084300000, 0x00000000d5580000)
  object space 68608K, 55% used [0x0000000080000000,0x00000000824e7ec8,0x0000000084300000)
 Metaspace       used 40948K, committed 41984K, reserved 1114112K
  class space    used 4073K, committed 4544K, reserved 1048576K
}
Event: 15.298 GC heap before
{Heap before GC invocations=36 (full 2):
 PSYoungGen      total 22528K, used 22520K [0x00000000d5580000, 0x00000000d6d00000, 0x0000000100000000)
  eden space 22016K, 100% used [0x00000000d5580000,0x00000000d6b00000,0x00000000d6b00000)
  from space 512K, 98% used [0x00000000d6b80000,0x00000000d6bfe278,0x00000000d6c00000)
  to   space 1024K, 0% used [0x00000000d6c00000,0x00000000d6c00000,0x00000000d6d00000)
 ParOldGen       total 68608K, used 37791K [0x0000000080000000, 0x0000000084300000, 0x00000000d5580000)
  object space 68608K, 55% used [0x0000000080000000,0x00000000824e7ec8,0x0000000084300000)
 Metaspace       used 41093K, committed 42112K, reserved 1114112K
  class space    used 4076K, committed 4544K, reserved 1048576K
}
Event: 15.300 GC heap after
{Heap after GC invocations=36 (full 2):
 PSYoungGen      total 22528K, used 1000K [0x00000000d5580000, 0x00000000d6e00000, 0x0000000100000000)
  eden space 21504K, 0% used [0x00000000d5580000,0x00000000d5580000,0x00000000d6a80000)
  from space 1024K, 97% used [0x00000000d6c00000,0x00000000d6cfa000,0x00000000d6d00000)
  to   space 1536K, 0% used [0x00000000d6a80000,0x00000000d6a80000,0x00000000d6c00000)
 ParOldGen       total 68608K, used 38098K [0x0000000080000000, 0x0000000084300000, 0x00000000d5580000)
  object space 68608K, 55% used [0x0000000080000000,0x0000000082534960,0x0000000084300000)
 Metaspace       used 41093K, committed 42112K, reserved 1114112K
  class space    used 4076K, committed 4544K, reserved 1048576K
}
Event: 15.484 GC heap before
{Heap before GC invocations=37 (full 2):
 PSYoungGen      total 22528K, used 22504K [0x00000000d5580000, 0x00000000d6e00000, 0x0000000100000000)
  eden space 21504K, 100% used [0x00000000d5580000,0x00000000d6a80000,0x00000000d6a80000)
  from space 1024K, 97% used [0x00000000d6c00000,0x00000000d6cfa000,0x00000000d6d00000)
  to   space 1536K, 0% used [0x00000000d6a80000,0x00000000d6a80000,0x00000000d6c00000)
 ParOldGen       total 68608K, used 38098K [0x0000000080000000, 0x0000000084300000, 0x00000000d5580000)
  object space 68608K, 55% used [0x0000000080000000,0x0000000082534960,0x0000000084300000)
 Metaspace       used 41125K, committed 42112K, reserved 1114112K
  class space    used 4077K, committed 4544K, reserved 1048576K
}
Event: 15.486 GC heap after
{Heap after GC invocations=37 (full 2):
 PSYoungGen      total 23040K, used 928K [0x00000000d5580000, 0x00000000d6d80000, 0x0000000100000000)
  eden space 21504K, 0% used [0x00000000d5580000,0x00000000d5580000,0x00000000d6a80000)
  from space 1536K, 60% used [0x00000000d6a80000,0x00000000d6b68020,0x00000000d6c00000)
  to   space 1536K, 0% used [0x00000000d6c00000,0x00000000d6c00000,0x00000000d6d80000)
 ParOldGen       total 68608K, used 38937K [0x0000000080000000, 0x0000000084300000, 0x00000000d5580000)
  object space 68608K, 56% used [0x0000000080000000,0x00000000826066f8,0x0000000084300000)
 Metaspace       used 41125K, committed 42112K, reserved 1114112K
  class space    used 4077K, committed 4544K, reserved 1048576K
}
Event: 15.838 GC heap before
{Heap before GC invocations=38 (full 2):
 PSYoungGen      total 23040K, used 22432K [0x00000000d5580000, 0x00000000d6d80000, 0x0000000100000000)
  eden space 21504K, 100% used [0x00000000d5580000,0x00000000d6a80000,0x00000000d6a80000)
  from space 1536K, 60% used [0x00000000d6a80000,0x00000000d6b68020,0x00000000d6c00000)
  to   space 1536K, 0% used [0x00000000d6c00000,0x00000000d6c00000,0x00000000d6d80000)
 ParOldGen       total 68608K, used 38937K [0x0000000080000000, 0x0000000084300000, 0x00000000d5580000)
  object space 68608K, 56% used [0x0000000080000000,0x00000000826066f8,0x0000000084300000)
 Metaspace       used 41162K, committed 42176K, reserved 1114112K
  class space    used 4078K, committed 4544K, reserved 1048576K
}
Event: 15.840 GC heap after
{Heap after GC invocations=38 (full 2):
 PSYoungGen      total 22016K, used 512K [0x00000000d5580000, 0x00000000d6c80000, 0x0000000100000000)
  eden space 21504K, 0% used [0x00000000d5580000,0x00000000d5580000,0x00000000d6a80000)
  from space 512K, 100% used [0x00000000d6c00000,0x00000000d6c80000,0x00000000d6c80000)
  to   space 1024K, 0% used [0x00000000d6a80000,0x00000000d6a80000,0x00000000d6b80000)
 ParOldGen       total 68608K, used 39097K [0x0000000080000000, 0x0000000084300000, 0x00000000d5580000)
  object space 68608K, 56% used [0x0000000080000000,0x000000008262e430,0x0000000084300000)
 Metaspace       used 41162K, committed 42176K, reserved 1114112K
  class space    used 4078K, committed 4544K, reserved 1048576K
}
Event: 16.025 GC heap before
{Heap before GC invocations=39 (full 2):
 PSYoungGen      total 22016K, used 22016K [0x00000000d5580000, 0x00000000d6c80000, 0x0000000100000000)
  eden space 21504K, 100% used [0x00000000d5580000,0x00000000d6a80000,0x00000000d6a80000)
  from space 512K, 100% used [0x00000000d6c00000,0x00000000d6c80000,0x00000000d6c80000)
  to   space 1024K, 0% used [0x00000000d6a80000,0x00000000d6a80000,0x00000000d6b80000)
 ParOldGen       total 68608K, used 39097K [0x0000000080000000, 0x0000000084300000, 0x00000000d5580000)
  object space 68608K, 56% used [0x0000000080000000,0x000000008262e430,0x0000000084300000)
 Metaspace       used 41224K, committed 42304K, reserved 1114112K
  class space    used 4079K, committed 4544K, reserved 1048576K
}
Event: 16.026 GC heap after
{Heap after GC invocations=39 (full 2):
 PSYoungGen      total 22528K, used 448K [0x00000000d5580000, 0x00000000d6c80000, 0x0000000100000000)
  eden space 21504K, 0% used [0x00000000d5580000,0x00000000d5580000,0x00000000d6a80000)
  from space 1024K, 43% used [0x00000000d6a80000,0x00000000d6af0000,0x00000000d6b80000)
  to   space 512K, 0% used [0x00000000d6c00000,0x00000000d6c00000,0x00000000d6c80000)
 ParOldGen       total 68608K, used 39329K [0x0000000080000000, 0x0000000084300000, 0x00000000d5580000)
  object space 68608K, 57% used [0x0000000080000000,0x0000000082668430,0x0000000084300000)
 Metaspace       used 41224K, committed 42304K, reserved 1114112K
  class space    used 4079K, committed 4544K, reserved 1048576K
}
Event: 16.190 GC heap before
{Heap before GC invocations=40 (full 2):
 PSYoungGen      total 22528K, used 21952K [0x00000000d5580000, 0x00000000d6c80000, 0x0000000100000000)
  eden space 21504K, 100% used [0x00000000d5580000,0x00000000d6a80000,0x00000000d6a80000)
  from space 1024K, 43% used [0x00000000d6a80000,0x00000000d6af0000,0x00000000d6b80000)
  to   space 512K, 0% used [0x00000000d6c00000,0x00000000d6c00000,0x00000000d6c80000)
 ParOldGen       total 68608K, used 39329K [0x0000000080000000, 0x0000000084300000, 0x00000000d5580000)
  object space 68608K, 57% used [0x0000000080000000,0x0000000082668430,0x0000000084300000)
 Metaspace       used 41288K, committed 42304K, reserved 1114112K
  class space    used 4081K, committed 4544K, reserved 1048576K
}
Event: 16.191 GC heap after
{Heap after GC invocations=40 (full 2):
 PSYoungGen      total 22016K, used 480K [0x00000000d5580000, 0x00000000d6c80000, 0x0000000100000000)
  eden space 21504K, 0% used [0x00000000d5580000,0x00000000d5580000,0x00000000d6a80000)
  from space 512K, 93% used [0x00000000d6c00000,0x00000000d6c78010,0x00000000d6c80000)
  to   space 1024K, 0% used [0x00000000d6a80000,0x00000000d6a80000,0x00000000d6b80000)
 ParOldGen       total 68608K, used 39675K [0x0000000080000000, 0x0000000084300000, 0x00000000d5580000)
  object space 68608K, 57% used [0x0000000080000000,0x00000000826bed08,0x0000000084300000)
 Metaspace       used 41288K, committed 42304K, reserved 1114112K
  class space    used 4081K, committed 4544K, reserved 1048576K
}
Event: 16.311 GC heap before
{Heap before GC invocations=41 (full 2):
 PSYoungGen      total 22016K, used 21984K [0x00000000d5580000, 0x00000000d6c80000, 0x0000000100000000)
  eden space 21504K, 100% used [0x00000000d5580000,0x00000000d6a80000,0x00000000d6a80000)
  from space 512K, 93% used [0x00000000d6c00000,0x00000000d6c78010,0x00000000d6c80000)
  to   space 1024K, 0% used [0x00000000d6a80000,0x00000000d6a80000,0x00000000d6b80000)
 ParOldGen       total 68608K, used 39675K [0x0000000080000000, 0x0000000084300000, 0x00000000d5580000)
  object space 68608K, 57% used [0x0000000080000000,0x00000000826bed08,0x0000000084300000)
 Metaspace       used 41329K, committed 42368K, reserved 1114112K
  class space    used 4083K, committed 4544K, reserved 1048576K
}
Event: 16.312 GC heap after
{Heap after GC invocations=41 (full 2):
 PSYoungGen      total 22528K, used 544K [0x00000000d5580000, 0x00000000d6c80000, 0x0000000100000000)
  eden space 21504K, 0% used [0x00000000d5580000,0x00000000d5580000,0x00000000d6a80000)
  from space 1024K, 53% used [0x00000000d6a80000,0x00000000d6b08000,0x00000000d6b80000)
  to   space 1024K, 0% used [0x00000000d6b80000,0x00000000d6b80000,0x00000000d6c80000)
 ParOldGen       total 68608K, used 40001K [0x0000000080000000, 0x0000000084300000, 0x00000000d5580000)
  object space 68608K, 58% used [0x0000000080000000,0x0000000082710598,0x0000000084300000)
 Metaspace       used 41329K, committed 42368K, reserved 1114112K
  class space    used 4083K, committed 4544K, reserved 1048576K
}
Event: 16.484 GC heap before
{Heap before GC invocations=42 (full 2):
 PSYoungGen      total 22528K, used 22048K [0x00000000d5580000, 0x00000000d6c80000, 0x0000000100000000)
  eden space 21504K, 100% used [0x00000000d5580000,0x00000000d6a80000,0x00000000d6a80000)
  from space 1024K, 53% used [0x00000000d6a80000,0x00000000d6b08000,0x00000000d6b80000)
  to   space 1024K, 0% used [0x00000000d6b80000,0x00000000d6b80000,0x00000000d6c80000)
 ParOldGen       total 68608K, used 40001K [0x0000000080000000, 0x0000000084300000, 0x00000000d5580000)
  object space 68608K, 58% used [0x0000000080000000,0x0000000082710598,0x0000000084300000)
 Metaspace       used 41342K, committed 42368K, reserved 1114112K
  class space    used 4083K, committed 4544K, reserved 1048576K
}
Event: 16.485 GC heap after
{Heap after GC invocations=42 (full 2):
 PSYoungGen      total 22528K, used 469K [0x00000000d5580000, 0x00000000d6c80000, 0x0000000100000000)
  eden space 21504K, 0% used [0x00000000d5580000,0x00000000d5580000,0x00000000d6a80000)
  from space 1024K, 45% used [0x00000000d6b80000,0x00000000d6bf5598,0x00000000d6c80000)
  to   space 1024K, 0% used [0x00000000d6a80000,0x00000000d6a80000,0x00000000d6b80000)
 ParOldGen       total 68608K, used 40254K [0x0000000080000000, 0x0000000084300000, 0x00000000d5580000)
  object space 68608K, 58% used [0x0000000080000000,0x000000008274fb00,0x0000000084300000)
 Metaspace       used 41342K, committed 42368K, reserved 1114112K
  class space    used 4083K, committed 4544K, reserved 1048576K
}
Event: 16.695 GC heap before
{Heap before GC invocations=43 (full 2):
 PSYoungGen      total 22528K, used 21973K [0x00000000d5580000, 0x00000000d6c80000, 0x0000000100000000)
  eden space 21504K, 100% used [0x00000000d5580000,0x00000000d6a80000,0x00000000d6a80000)
  from space 1024K, 45% used [0x00000000d6b80000,0x00000000d6bf5598,0x00000000d6c80000)
  to   space 1024K, 0% used [0x00000000d6a80000,0x00000000d6a80000,0x00000000d6b80000)
 ParOldGen       total 68608K, used 40254K [0x0000000080000000, 0x0000000084300000, 0x00000000d5580000)
  object space 68608K, 58% used [0x0000000080000000,0x000000008274fb00,0x0000000084300000)
 Metaspace       used 41407K, committed 42432K, reserved 1114112K
  class space    used 4083K, committed 4544K, reserved 1048576K
}
Event: 16.696 GC heap after
{Heap after GC invocations=43 (full 2):
 PSYoungGen      total 22528K, used 448K [0x00000000d5580000, 0x00000000d6c00000, 0x0000000100000000)
  eden space 21504K, 0% used [0x00000000d5580000,0x00000000d5580000,0x00000000d6a80000)
  from space 1024K, 43% used [0x00000000d6a80000,0x00000000d6af0000,0x00000000d6b80000)
  to   space 512K, 0% used [0x00000000d6b80000,0x00000000d6b80000,0x00000000d6c00000)
 ParOldGen       total 68608K, used 40506K [0x0000000080000000, 0x0000000084300000, 0x00000000d5580000)
  object space 68608K, 59% used [0x0000000080000000,0x000000008278eb88,0x0000000084300000)
 Metaspace       used 41407K, committed 42432K, reserved 1114112K
  class space    used 4083K, committed 4544K, reserved 1048576K
}
Event: 17.814 GC heap before
{Heap before GC invocations=44 (full 2):
 PSYoungGen      total 22528K, used 21951K [0x00000000d5580000, 0x00000000d6c00000, 0x0000000100000000)
  eden space 21504K, 99% used [0x00000000d5580000,0x00000000d6a7ffc8,0x00000000d6a80000)
  from space 1024K, 43% used [0x00000000d6a80000,0x00000000d6af0000,0x00000000d6b80000)
  to   space 512K, 0% used [0x00000000d6b80000,0x00000000d6b80000,0x00000000d6c00000)
 ParOldGen       total 68608K, used 40506K [0x0000000080000000, 0x0000000084300000, 0x00000000d5580000)
  object space 68608K, 59% used [0x0000000080000000,0x000000008278eb88,0x0000000084300000)
 Metaspace       used 42496K, committed 43648K, reserved 1114112K
  class space    used 4166K, committed 4672K, reserved 1048576K
}
Event: 17.815 GC heap after
{Heap after GC invocations=44 (full 2):
 PSYoungGen      total 21504K, used 489K [0x00000000d5580000, 0x00000000d6d80000, 0x0000000100000000)
  eden space 20992K, 0% used [0x00000000d5580000,0x00000000d5580000,0x00000000d6a00000)
  from space 512K, 95% used [0x00000000d6b80000,0x00000000d6bfa460,0x00000000d6c00000)
  to   space 1536K, 0% used [0x00000000d6a00000,0x00000000d6a00000,0x00000000d6b80000)
 ParOldGen       total 68608K, used 41272K [0x0000000080000000, 0x0000000084300000, 0x00000000d5580000)
  object space 68608K, 60% used [0x0000000080000000,0x000000008284e358,0x0000000084300000)
 Metaspace       used 42496K, committed 43648K, reserved 1114112K
  class space    used 4166K, committed 4672K, reserved 1048576K
}

