# JRE version: OpenJDK Runtime Environment Temurin-21.0.8+9 (21.0.8+9) (build 21.0.8+9-LTS)
# Java VM: OpenJDK 64-Bit Server VM Temurin-21.0.8+9 (21.0.8+9-LTS, mixed mode, sharing, tiered, compressed oops, compressed class ptrs, parallel gc, windows-amd64)
GC Precious Log:
 CardTable entry size: 512
 CPUs: 8 total, 8 available
 Memory: 11972M
 Large Page Support: Disabled
 NUMA Support: Disabled
 Compressed Oops: Enabled (32-bit)
 Alignments: Space 512K, Generation 512K, Heap 2M
 Heap Min Capacity: 100M
 Heap Initial Capacity: 100M
 Heap Max Capacity: 2G
 Pre-touch: Disabled
 Parallel Workers: 8
Heap:
 PSYoungGen      total 27136K, used 26906K [0x00000000d5580000, 0x00000000d7a00000, 0x0000000100000000)
  eden space 17920K, 100% used [0x00000000d5580000,0x00000000d6700000,0x00000000d6700000)
  from space 9216K, 97% used [0x00000000d6700000,0x00000000d6fc68e0,0x00000000d7000000)
  to   space 9728K, 58% used [0x00000000d7080000,0x00000000d760a840,0x00000000d7a00000)
 ParOldGen       total 98816K, used 98605K [0x0000000080000000, 0x0000000086080000, 0x00000000d5580000)
  object space 98816K, 99% used [0x0000000080000000,0x000000008604b438,0x0000000086080000)
 Metaspace       used 59484K, committed 60864K, reserved 1114112K
  class space    used 6304K, committed 6912K, reserved 1048576K
GC Heap History (20 events):
Event: 22.760 GC heap after
{Heap after GC invocations=54 (full 2):
 PSYoungGen      total 20480K, used 1000K [0x00000000d5580000, 0x00000000d6c00000, 0x0000000100000000)
  eden space 19456K, 0% used [0x00000000d5580000,0x00000000d5580000,0x00000000d6880000)
  from space 1024K, 97% used [0x00000000d6a00000,0x00000000d6afa000,0x00000000d6b00000)
  to   space 1536K, 0% used [0x00000000d6880000,0x00000000d6880000,0x00000000d6a00000)
 ParOldGen       total 68608K, used 48045K [0x0000000080000000, 0x0000000084300000, 0x00000000d5580000)
  object space 68608K, 70% used [0x0000000080000000,0x0000000082eeb678,0x0000000084300000)
 Metaspace       used 57469K, committed 58880K, reserved 1114112K
  class space    used 6106K, committed 6720K, reserved 1048576K
}
Event: 22.986 GC heap before
{Heap before GC invocations=55 (full 2):
 PSYoungGen      total 20480K, used 20456K [0x00000000d5580000, 0x00000000d6c00000, 0x0000000100000000)
  eden space 19456K, 100% used [0x00000000d5580000,0x00000000d6880000,0x00000000d6880000)
  from space 1024K, 97% used [0x00000000d6a00000,0x00000000d6afa000,0x00000000d6b00000)
  to   space 1536K, 0% used [0x00000000d6880000,0x00000000d6880000,0x00000000d6a00000)
 ParOldGen       total 68608K, used 48045K [0x0000000080000000, 0x0000000084300000, 0x00000000d5580000)
  object space 68608K, 70% used [0x0000000080000000,0x0000000082eeb678,0x0000000084300000)
 Metaspace       used 57491K, committed 58880K, reserved 1114112K
  class space    used 6106K, committed 6720K, reserved 1048576K
}
Event: 22.987 GC heap after
{Heap after GC invocations=55 (full 2):
 PSYoungGen      total 19968K, used 416K [0x00000000d5580000, 0x00000000d6a80000, 0x0000000100000000)
  eden space 19456K, 0% used [0x00000000d5580000,0x00000000d5580000,0x00000000d6880000)
  from space 512K, 81% used [0x00000000d6880000,0x00000000d68e8000,0x00000000d6900000)
  to   space 1024K, 0% used [0x00000000d6980000,0x00000000d6980000,0x00000000d6a80000)
 ParOldGen       total 68608K, used 48689K [0x0000000080000000, 0x0000000084300000, 0x00000000d5580000)
  object space 68608K, 70% used [0x0000000080000000,0x0000000082f8c630,0x0000000084300000)
 Metaspace       used 57491K, committed 58880K, reserved 1114112K
  class space    used 6106K, committed 6720K, reserved 1048576K
}
Event: 23.320 GC heap before
{Heap before GC invocations=56 (full 2):
 PSYoungGen      total 19968K, used 19872K [0x00000000d5580000, 0x00000000d6a80000, 0x0000000100000000)
  eden space 19456K, 100% used [0x00000000d5580000,0x00000000d6880000,0x00000000d6880000)
  from space 512K, 81% used [0x00000000d6880000,0x00000000d68e8000,0x00000000d6900000)
  to   space 1024K, 0% used [0x00000000d6980000,0x00000000d6980000,0x00000000d6a80000)
 ParOldGen       total 68608K, used 48689K [0x0000000080000000, 0x0000000084300000, 0x00000000d5580000)
  object space 68608K, 70% used [0x0000000080000000,0x0000000082f8c630,0x0000000084300000)
 Metaspace       used 57638K, committed 59072K, reserved 1114112K
  class space    used 6126K, committed 6784K, reserved 1048576K
}
Event: 23.322 GC heap after
{Heap after GC invocations=56 (full 2):
 PSYoungGen      total 19968K, used 448K [0x00000000d5580000, 0x00000000d6a00000, 0x0000000100000000)
  eden space 19456K, 0% used [0x00000000d5580000,0x00000000d5580000,0x00000000d6880000)
  from space 512K, 87% used [0x00000000d6980000,0x00000000d69f0000,0x00000000d6a00000)
  to   space 512K, 0% used [0x00000000d6880000,0x00000000d6880000,0x00000000d6900000)
 ParOldGen       total 68608K, used 48929K [0x0000000080000000, 0x0000000084300000, 0x00000000d5580000)
  object space 68608K, 71% used [0x0000000080000000,0x0000000082fc8630,0x0000000084300000)
 Metaspace       used 57638K, committed 59072K, reserved 1114112K
  class space    used 6126K, committed 6784K, reserved 1048576K
}
Event: 23.651 GC heap before
{Heap before GC invocations=57 (full 2):
 PSYoungGen      total 19968K, used 18763K [0x00000000d5580000, 0x00000000d6a00000, 0x0000000100000000)
  eden space 19456K, 94% used [0x00000000d5580000,0x00000000d6762c20,0x00000000d6880000)
  from space 512K, 87% used [0x00000000d6980000,0x00000000d69f0000,0x00000000d6a00000)
  to   space 512K, 0% used [0x00000000d6880000,0x00000000d6880000,0x00000000d6900000)
 ParOldGen       total 68608K, used 48929K [0x0000000080000000, 0x0000000084300000, 0x00000000d5580000)
  object space 68608K, 71% used [0x0000000080000000,0x0000000082fc8630,0x0000000084300000)
 Metaspace       used 58331K, committed 59776K, reserved 1114112K
  class space    used 6194K, committed 6848K, reserved 1048576K
}
Event: 23.658 GC heap after
{Heap after GC invocations=57 (full 2):
 PSYoungGen      total 19968K, used 512K [0x00000000d5580000, 0x00000000d8380000, 0x0000000100000000)
  eden space 19456K, 0% used [0x00000000d5580000,0x00000000d5580000,0x00000000d6880000)
  from space 512K, 100% used [0x00000000d6880000,0x00000000d6900000,0x00000000d6900000)
  to   space 13824K, 0% used [0x00000000d7600000,0x00000000d7600000,0x00000000d8380000)
 ParOldGen       total 68608K, used 60191K [0x0000000080000000, 0x0000000084300000, 0x00000000d5580000)
  object space 68608K, 87% used [0x0000000080000000,0x0000000083ac7ca0,0x0000000084300000)
 Metaspace       used 58331K, committed 59776K, reserved 1114112K
  class space    used 6194K, committed 6848K, reserved 1048576K
}
Event: 23.658 GC heap before
{Heap before GC invocations=58 (full 3):
 PSYoungGen      total 19968K, used 512K [0x00000000d5580000, 0x00000000d8380000, 0x0000000100000000)
  eden space 19456K, 0% used [0x00000000d5580000,0x00000000d5580000,0x00000000d6880000)
  from space 512K, 100% used [0x00000000d6880000,0x00000000d6900000,0x00000000d6900000)
  to   space 13824K, 0% used [0x00000000d7600000,0x00000000d7600000,0x00000000d8380000)
 ParOldGen       total 68608K, used 60191K [0x0000000080000000, 0x0000000084300000, 0x00000000d5580000)
  object space 68608K, 87% used [0x0000000080000000,0x0000000083ac7ca0,0x0000000084300000)
 Metaspace       used 58331K, committed 59776K, reserved 1114112K
  class space    used 6194K, committed 6848K, reserved 1048576K
}
Event: 23.754 GC heap after
{Heap after GC invocations=58 (full 3):
 PSYoungGen      total 19968K, used 0K [0x00000000d5580000, 0x00000000d8380000, 0x0000000100000000)
  eden space 19456K, 0% used [0x00000000d5580000,0x00000000d5580000,0x00000000d6880000)
  from space 512K, 0% used [0x00000000d6880000,0x00000000d6880000,0x00000000d6900000)
  to   space 13824K, 0% used [0x00000000d7600000,0x00000000d7600000,0x00000000d8380000)
 ParOldGen       total 68608K, used 54457K [0x0000000080000000, 0x0000000084300000, 0x00000000d5580000)
  object space 68608K, 79% used [0x0000000080000000,0x000000008352e510,0x0000000084300000)
 Metaspace       used 58331K, committed 59776K, reserved 1114112K
  class space    used 6194K, committed 6848K, reserved 1048576K
}
Event: 24.124 GC heap before
{Heap before GC invocations=59 (full 3):
 PSYoungGen      total 19968K, used 17883K [0x00000000d5580000, 0x00000000d8380000, 0x0000000100000000)
  eden space 19456K, 91% used [0x00000000d5580000,0x00000000d66f6d38,0x00000000d6880000)
  from space 512K, 0% used [0x00000000d6880000,0x00000000d6880000,0x00000000d6900000)
  to   space 13824K, 0% used [0x00000000d7600000,0x00000000d7600000,0x00000000d8380000)
 ParOldGen       total 68608K, used 54457K [0x0000000080000000, 0x0000000084300000, 0x00000000d5580000)
  object space 68608K, 79% used [0x0000000080000000,0x000000008352e510,0x0000000084300000)
 Metaspace       used 59140K, committed 60544K, reserved 1114112K
  class space    used 6273K, committed 6912K, reserved 1048576K
}
Event: 24.129 GC heap after
{Heap after GC invocations=59 (full 3):
 PSYoungGen      total 29696K, used 10149K [0x00000000d5580000, 0x00000000d8000000, 0x0000000100000000)
  eden space 19456K, 0% used [0x00000000d5580000,0x00000000d5580000,0x00000000d6880000)
  from space 10240K, 99% used [0x00000000d7600000,0x00000000d7fe94d0,0x00000000d8000000)
  to   space 10752K, 0% used [0x00000000d6b00000,0x00000000d6b00000,0x00000000d7580000)
 ParOldGen       total 68608K, used 54465K [0x0000000080000000, 0x0000000084300000, 0x00000000d5580000)
  object space 68608K, 79% used [0x0000000080000000,0x0000000083530510,0x0000000084300000)
 Metaspace       used 59140K, committed 60544K, reserved 1114112K
  class space    used 6273K, committed 6912K, reserved 1048576K
}
Event: 24.220 GC heap before
{Heap before GC invocations=60 (full 3):
 PSYoungGen      total 29696K, used 29605K [0x00000000d5580000, 0x00000000d8000000, 0x0000000100000000)
  eden space 19456K, 100% used [0x00000000d5580000,0x00000000d6880000,0x00000000d6880000)
  from space 10240K, 99% used [0x00000000d7600000,0x00000000d7fe94d0,0x00000000d8000000)
  to   space 10752K, 0% used [0x00000000d6b00000,0x00000000d6b00000,0x00000000d7580000)
 ParOldGen       total 83968K, used 80794K [0x0000000080000000, 0x0000000085200000, 0x00000000d5580000)
  object space 83968K, 96% used [0x0000000080000000,0x0000000084ee6ac0,0x0000000085200000)
 Metaspace       used 59238K, committed 60672K, reserved 1114112K
  class space    used 6283K, committed 6912K, reserved 1048576K
}
Event: 24.223 GC heap after
{Heap after GC invocations=60 (full 3):
 PSYoungGen      total 19968K, used 208K [0x00000000d5580000, 0x00000000d7680000, 0x0000000100000000)
  eden space 19456K, 0% used [0x00000000d5580000,0x00000000d5580000,0x00000000d6880000)
  from space 512K, 40% used [0x00000000d6b00000,0x00000000d6b34010,0x00000000d6b80000)
  to   space 4096K, 0% used [0x00000000d7280000,0x00000000d7280000,0x00000000d7680000)
 ParOldGen       total 83968K, used 81608K [0x0000000080000000, 0x0000000085200000, 0x00000000d5580000)
  object space 83968K, 97% used [0x0000000080000000,0x0000000084fb2398,0x0000000085200000)
 Metaspace       used 59238K, committed 60672K, reserved 1114112K
  class space    used 6283K, committed 6912K, reserved 1048576K
}
Event: 24.299 GC heap before
{Heap before GC invocations=61 (full 3):
 PSYoungGen      total 19968K, used 19663K [0x00000000d5580000, 0x00000000d7680000, 0x0000000100000000)
  eden space 19456K, 99% used [0x00000000d5580000,0x00000000d687ffe0,0x00000000d6880000)
  from space 512K, 40% used [0x00000000d6b00000,0x00000000d6b34010,0x00000000d6b80000)
  to   space 4096K, 0% used [0x00000000d7280000,0x00000000d7280000,0x00000000d7680000)
 ParOldGen       total 83968K, used 81608K [0x0000000080000000, 0x0000000085200000, 0x00000000d5580000)
  object space 83968K, 97% used [0x0000000080000000,0x0000000084fb2398,0x0000000085200000)
 Metaspace       used 59470K, committed 60864K, reserved 1114112K
  class space    used 6303K, committed 6912K, reserved 1048576K
}
Event: 24.312 GC heap after
{Heap after GC invocations=61 (full 3):
 PSYoungGen      total 22016K, used 4078K [0x00000000d5580000, 0x00000000d7f80000, 0x0000000100000000)
  eden space 17920K, 0% used [0x00000000d5580000,0x00000000d5580000,0x00000000d6700000)
  from space 4096K, 99% used [0x00000000d7280000,0x00000000d767b9a8,0x00000000d7680000)
  to   space 11776K, 0% used [0x00000000d6700000,0x00000000d6700000,0x00000000d7280000)
 ParOldGen       total 87552K, used 87328K [0x0000000080000000, 0x0000000085580000, 0x00000000d5580000)
  object space 87552K, 99% used [0x0000000080000000,0x00000000855483d8,0x0000000085580000)
 Metaspace       used 59470K, committed 60864K, reserved 1114112K
  class space    used 6303K, committed 6912K, reserved 1048576K
}
Event: 24.344 GC heap before
{Heap before GC invocations=62 (full 3):
 PSYoungGen      total 22016K, used 21998K [0x00000000d5580000, 0x00000000d7f80000, 0x0000000100000000)
  eden space 17920K, 100% used [0x00000000d5580000,0x00000000d6700000,0x00000000d6700000)
  from space 4096K, 99% used [0x00000000d7280000,0x00000000d767b9a8,0x00000000d7680000)
  to   space 11776K, 0% used [0x00000000d6700000,0x00000000d6700000,0x00000000d7280000)
 ParOldGen       total 87552K, used 87328K [0x0000000080000000, 0x0000000085580000, 0x00000000d5580000)
  object space 87552K, 99% used [0x0000000080000000,0x00000000855483d8,0x0000000085580000)
 Metaspace       used 59470K, committed 60864K, reserved 1114112K
  class space    used 6303K, committed 6912K, reserved 1048576K
}
Event: 24.354 GC heap after
{Heap after GC invocations=62 (full 3):
 PSYoungGen      total 27136K, used 8986K [0x00000000d5580000, 0x00000000d7a00000, 0x0000000100000000)
  eden space 17920K, 0% used [0x00000000d5580000,0x00000000d5580000,0x00000000d6700000)
  from space 9216K, 97% used [0x00000000d6700000,0x00000000d6fc68e0,0x00000000d7000000)
  to   space 9728K, 0% used [0x00000000d7080000,0x00000000d7080000,0x00000000d7a00000)
 ParOldGen       total 91648K, used 91375K [0x0000000080000000, 0x0000000085980000, 0x00000000d5580000)
  object space 91648K, 99% used [0x0000000080000000,0x000000008593bf70,0x0000000085980000)
 Metaspace       used 59470K, committed 60864K, reserved 1114112K
  class space    used 6303K, committed 6912K, reserved 1048576K
}
Event: 24.398 GC heap before
{Heap before GC invocations=63 (full 3):
 PSYoungGen      total 27136K, used 26906K [0x00000000d5580000, 0x00000000d7a00000, 0x0000000100000000)
  eden space 17920K, 100% used [0x00000000d5580000,0x00000000d6700000,0x00000000d6700000)
  from space 9216K, 97% used [0x00000000d6700000,0x00000000d6fc68e0,0x00000000d7000000)
  to   space 9728K, 0% used [0x00000000d7080000,0x00000000d7080000,0x00000000d7a00000)
 ParOldGen       total 91648K, used 91375K [0x0000000080000000, 0x0000000085980000, 0x00000000d5580000)
  object space 91648K, 99% used [0x0000000080000000,0x000000008593bf70,0x0000000085980000)
 Metaspace       used 59484K, committed 60864K, reserved 1114112K
  class space    used 6304K, committed 6912K, reserved 1048576K
}
Event: 24.408 GC heap after
{Heap after GC invocations=63 (full 3):
 PSYoungGen      total 27136K, used 26906K [0x00000000d5580000, 0x00000000d7a00000, 0x0000000100000000)
  eden space 17920K, 100% used [0x00000000d5580000,0x00000000d6700000,0x00000000d6700000)
  from space 9216K, 97% used [0x00000000d6700000,0x00000000d6fc68e0,0x00000000d7000000)
  to   space 9728K, 58% used [0x00000000d7080000,0x00000000d760a840,0x00000000d7a00000)
 ParOldGen       total 98816K, used 98605K [0x0000000080000000, 0x0000000086080000, 0x00000000d5580000)
  object space 98816K, 99% used [0x0000000080000000,0x000000008604b438,0x0000000086080000)
 Metaspace       used 59484K, committed 60864K, reserved 1114112K
  class space    used 6304K, committed 6912K, reserved 1048576K
}
Event: 24.408 GC heap before
{Heap before GC invocations=64 (full 4):
 PSYoungGen      total 27136K, used 26906K [0x00000000d5580000, 0x00000000d7a00000, 0x0000000100000000)
  eden space 17920K, 100% used [0x00000000d5580000,0x00000000d6700000,0x00000000d6700000)
  from space 9216K, 97% used [0x00000000d6700000,0x00000000d6fc68e0,0x00000000d7000000)
  to   space 9728K, 58% used [0x00000000d7080000,0x00000000d760a840,0x00000000d7a00000)
 ParOldGen       total 98816K, used 98605K [0x0000000080000000, 0x0000000086080000, 0x00000000d5580000)
  object space 98816K, 99% used [0x0000000080000000,0x000000008604b438,0x0000000086080000)
 Metaspace       used 59484K, committed 60864K, reserved 1114112K
  class space    used 6304K, committed 6912K, reserved 1048576K
}

