# JRE version: OpenJDK Runtime Environment Temurin-21.0.8+9 (21.0.8+9) (build 21.0.8+9-LTS)
# Java VM: OpenJDK 64-Bit Server VM Temurin-21.0.8+9 (21.0.8+9-LTS, mixed mode, sharing, tiered, compressed oops, compressed class ptrs, parallel gc, windows-amd64)
GC Precious Log:
 CardTable entry size: 512
 CPUs: 8 total, 8 available
 Memory: 11972M
 Large Page Support: Disabled
 NUMA Support: Disabled
 Compressed Oops: Enabled (32-bit)
 Alignments: Space 512K, Generation 512K, Heap 2M
 Heap Min Capacity: 100M
 Heap Initial Capacity: 100M
 Heap Max Capacity: 2G
 Pre-touch: Disabled
 Parallel Workers: 8
Heap:
 PSYoungGen      total 15360K, used 5908K [0x00000000d5580000, 0x00000000d6a80000, 0x0000000100000000)
  eden space 13312K, 29% used [0x00000000d5580000,0x00000000d594d2b8,0x00000000d6280000)
  from space 2048K, 98% used [0x00000000d6280000,0x00000000d6478040,0x00000000d6480000)
  to   space 4096K, 0% used [0x00000000d6680000,0x00000000d6680000,0x00000000d6a80000)
 ParOldGen       total 93184K, used 92759K [0x0000000080000000, 0x0000000085b00000, 0x00000000d5580000)
  object space 93184K, 99% used [0x0000000080000000,0x0000000085a95c40,0x0000000085b00000)
 Metaspace       used 45799K, committed 46976K, reserved 1114112K
  class space    used 4356K, committed 4864K, reserved 1048576K
GC Heap History (20 events):
Event: 23.676 GC heap before
{Heap before GC invocations=72 (full 2):
 PSYoungGen      total 15360K, used 15328K [0x00000000d5580000, 0x00000000d6780000, 0x0000000100000000)
  eden space 14848K, 100% used [0x00000000d5580000,0x00000000d6400000,0x00000000d6400000)
  from space 512K, 93% used [0x00000000d6400000,0x00000000d6478000,0x00000000d6480000)
  to   space 1536K, 0% used [0x00000000d6600000,0x00000000d6600000,0x00000000d6780000)
 ParOldGen       total 81408K, used 81015K [0x0000000080000000, 0x0000000084f80000, 0x00000000d5580000)
  object space 81408K, 99% used [0x0000000080000000,0x0000000084f1df18,0x0000000084f80000)
 Metaspace       used 45518K, committed 46592K, reserved 1114112K
  class space    used 4326K, committed 4800K, reserved 1048576K
}
Event: 23.678 GC heap after
{Heap after GC invocations=72 (full 2):
 PSYoungGen      total 15360K, used 1520K [0x00000000d5580000, 0x00000000d6a00000, 0x0000000100000000)
  eden space 13824K, 0% used [0x00000000d5580000,0x00000000d5580000,0x00000000d6300000)
  from space 1536K, 98% used [0x00000000d6600000,0x00000000d677c030,0x00000000d6780000)
  to   space 3072K, 0% used [0x00000000d6300000,0x00000000d6300000,0x00000000d6600000)
 ParOldGen       total 81920K, used 81742K [0x0000000080000000, 0x0000000085000000, 0x00000000d5580000)
  object space 81920K, 99% used [0x0000000080000000,0x0000000084fd3988,0x0000000085000000)
 Metaspace       used 45518K, committed 46592K, reserved 1114112K
  class space    used 4326K, committed 4800K, reserved 1048576K
}
Event: 23.714 GC heap before
{Heap before GC invocations=73 (full 2):
 PSYoungGen      total 15360K, used 15344K [0x00000000d5580000, 0x00000000d6a00000, 0x0000000100000000)
  eden space 13824K, 100% used [0x00000000d5580000,0x00000000d6300000,0x00000000d6300000)
  from space 1536K, 98% used [0x00000000d6600000,0x00000000d677c030,0x00000000d6780000)
  to   space 3072K, 0% used [0x00000000d6300000,0x00000000d6300000,0x00000000d6600000)
 ParOldGen       total 81920K, used 81742K [0x0000000080000000, 0x0000000085000000, 0x00000000d5580000)
  object space 81920K, 99% used [0x0000000080000000,0x0000000084fd3988,0x0000000085000000)
 Metaspace       used 45521K, committed 46592K, reserved 1114112K
  class space    used 4326K, committed 4800K, reserved 1048576K
}
Event: 23.717 GC heap after
{Heap after GC invocations=73 (full 2):
 PSYoungGen      total 15872K, used 1760K [0x00000000d5580000, 0x00000000d6700000, 0x0000000100000000)
  eden space 13824K, 0% used [0x00000000d5580000,0x00000000d5580000,0x00000000d6300000)
  from space 2048K, 85% used [0x00000000d6300000,0x00000000d64b8040,0x00000000d6500000)
  to   space 2048K, 0% used [0x00000000d6500000,0x00000000d6500000,0x00000000d6700000)
 ParOldGen       total 83456K, used 83273K [0x0000000080000000, 0x0000000085180000, 0x00000000d5580000)
  object space 83456K, 99% used [0x0000000080000000,0x00000000851524c0,0x0000000085180000)
 Metaspace       used 45521K, committed 46592K, reserved 1114112K
  class space    used 4326K, committed 4800K, reserved 1048576K
}
Event: 23.959 GC heap before
{Heap before GC invocations=74 (full 2):
 PSYoungGen      total 15872K, used 15584K [0x00000000d5580000, 0x00000000d6700000, 0x0000000100000000)
  eden space 13824K, 100% used [0x00000000d5580000,0x00000000d6300000,0x00000000d6300000)
  from space 2048K, 85% used [0x00000000d6300000,0x00000000d64b8040,0x00000000d6500000)
  to   space 2048K, 0% used [0x00000000d6500000,0x00000000d6500000,0x00000000d6700000)
 ParOldGen       total 83456K, used 83273K [0x0000000080000000, 0x0000000085180000, 0x00000000d5580000)
  object space 83456K, 99% used [0x0000000080000000,0x00000000851524c0,0x0000000085180000)
 Metaspace       used 45536K, committed 46592K, reserved 1114112K
  class space    used 4326K, committed 4800K, reserved 1048576K
}
Event: 23.961 GC heap after
{Heap after GC invocations=74 (full 2):
 PSYoungGen      total 14336K, used 416K [0x00000000d5580000, 0x00000000d6580000, 0x0000000100000000)
  eden space 13824K, 0% used [0x00000000d5580000,0x00000000d5580000,0x00000000d6300000)
  from space 512K, 81% used [0x00000000d6500000,0x00000000d6568000,0x00000000d6580000)
  to   space 1024K, 0% used [0x00000000d6380000,0x00000000d6380000,0x00000000d6480000)
 ParOldGen       total 84992K, used 84945K [0x0000000080000000, 0x0000000085300000, 0x00000000d5580000)
  object space 84992K, 99% used [0x0000000080000000,0x00000000852f4520,0x0000000085300000)
 Metaspace       used 45536K, committed 46592K, reserved 1114112K
  class space    used 4326K, committed 4800K, reserved 1048576K
}
Event: 24.000 GC heap before
{Heap before GC invocations=75 (full 2):
 PSYoungGen      total 14336K, used 14240K [0x00000000d5580000, 0x00000000d6580000, 0x0000000100000000)
  eden space 13824K, 100% used [0x00000000d5580000,0x00000000d6300000,0x00000000d6300000)
  from space 512K, 81% used [0x00000000d6500000,0x00000000d6568000,0x00000000d6580000)
  to   space 1024K, 0% used [0x00000000d6380000,0x00000000d6380000,0x00000000d6480000)
 ParOldGen       total 84992K, used 84945K [0x0000000080000000, 0x0000000085300000, 0x00000000d5580000)
  object space 84992K, 99% used [0x0000000080000000,0x00000000852f4520,0x0000000085300000)
 Metaspace       used 45538K, committed 46592K, reserved 1114112K
  class space    used 4326K, committed 4800K, reserved 1048576K
}
Event: 24.001 GC heap after
{Heap after GC invocations=75 (full 2):
 PSYoungGen      total 14848K, used 880K [0x00000000d5580000, 0x00000000d6580000, 0x0000000100000000)
  eden space 13824K, 0% used [0x00000000d5580000,0x00000000d5580000,0x00000000d6300000)
  from space 1024K, 85% used [0x00000000d6380000,0x00000000d645c010,0x00000000d6480000)
  to   space 1024K, 0% used [0x00000000d6480000,0x00000000d6480000,0x00000000d6580000)
 ParOldGen       total 85504K, used 85200K [0x0000000080000000, 0x0000000085380000, 0x00000000d5580000)
  object space 85504K, 99% used [0x0000000080000000,0x00000000853340a0,0x0000000085380000)
 Metaspace       used 45538K, committed 46592K, reserved 1114112K
  class space    used 4326K, committed 4800K, reserved 1048576K
}
Event: 24.207 GC heap before
{Heap before GC invocations=76 (full 2):
 PSYoungGen      total 14848K, used 14704K [0x00000000d5580000, 0x00000000d6580000, 0x0000000100000000)
  eden space 13824K, 100% used [0x00000000d5580000,0x00000000d6300000,0x00000000d6300000)
  from space 1024K, 85% used [0x00000000d6380000,0x00000000d645c010,0x00000000d6480000)
  to   space 1024K, 0% used [0x00000000d6480000,0x00000000d6480000,0x00000000d6580000)
 ParOldGen       total 85504K, used 85200K [0x0000000080000000, 0x0000000085380000, 0x00000000d5580000)
  object space 85504K, 99% used [0x0000000080000000,0x00000000853340a0,0x0000000085380000)
 Metaspace       used 45577K, committed 46656K, reserved 1114112K
  class space    used 4330K, committed 4800K, reserved 1048576K
}
Event: 24.210 GC heap after
{Heap after GC invocations=76 (full 2):
 PSYoungGen      total 14336K, used 1008K [0x00000000d5580000, 0x00000000d6700000, 0x0000000100000000)
  eden space 13312K, 0% used [0x00000000d5580000,0x00000000d5580000,0x00000000d6280000)
  from space 1024K, 98% used [0x00000000d6480000,0x00000000d657c010,0x00000000d6580000)
  to   space 2048K, 0% used [0x00000000d6280000,0x00000000d6280000,0x00000000d6480000)
 ParOldGen       total 86016K, used 85942K [0x0000000080000000, 0x0000000085400000, 0x00000000d5580000)
  object space 86016K, 99% used [0x0000000080000000,0x00000000853edb20,0x0000000085400000)
 Metaspace       used 45577K, committed 46656K, reserved 1114112K
  class space    used 4330K, committed 4800K, reserved 1048576K
}
Event: 24.381 GC heap before
{Heap before GC invocations=77 (full 2):
 PSYoungGen      total 14336K, used 14320K [0x00000000d5580000, 0x00000000d6700000, 0x0000000100000000)
  eden space 13312K, 100% used [0x00000000d5580000,0x00000000d6280000,0x00000000d6280000)
  from space 1024K, 98% used [0x00000000d6480000,0x00000000d657c010,0x00000000d6580000)
  to   space 2048K, 0% used [0x00000000d6280000,0x00000000d6280000,0x00000000d6480000)
 ParOldGen       total 86016K, used 85942K [0x0000000080000000, 0x0000000085400000, 0x00000000d5580000)
  object space 86016K, 99% used [0x0000000080000000,0x00000000853edb20,0x0000000085400000)
 Metaspace       used 45643K, committed 46784K, reserved 1114112K
  class space    used 4340K, committed 4864K, reserved 1048576K
}
Event: 24.384 GC heap after
{Heap after GC invocations=77 (full 2):
 PSYoungGen      total 15360K, used 1472K [0x00000000d5580000, 0x00000000d6680000, 0x0000000100000000)
  eden space 13312K, 0% used [0x00000000d5580000,0x00000000d5580000,0x00000000d6280000)
  from space 2048K, 71% used [0x00000000d6280000,0x00000000d63f0040,0x00000000d6480000)
  to   space 2048K, 0% used [0x00000000d6480000,0x00000000d6480000,0x00000000d6680000)
 ParOldGen       total 87040K, used 86851K [0x0000000080000000, 0x0000000085500000, 0x00000000d5580000)
  object space 87040K, 99% used [0x0000000080000000,0x00000000854d0de0,0x0000000085500000)
 Metaspace       used 45643K, committed 46784K, reserved 1114112K
  class space    used 4340K, committed 4864K, reserved 1048576K
}
Event: 24.502 GC heap before
{Heap before GC invocations=78 (full 2):
 PSYoungGen      total 15360K, used 14784K [0x00000000d5580000, 0x00000000d6680000, 0x0000000100000000)
  eden space 13312K, 100% used [0x00000000d5580000,0x00000000d6280000,0x00000000d6280000)
  from space 2048K, 71% used [0x00000000d6280000,0x00000000d63f0040,0x00000000d6480000)
  to   space 2048K, 0% used [0x00000000d6480000,0x00000000d6480000,0x00000000d6680000)
 ParOldGen       total 87040K, used 86851K [0x0000000080000000, 0x0000000085500000, 0x00000000d5580000)
  object space 87040K, 99% used [0x0000000080000000,0x00000000854d0de0,0x0000000085500000)
 Metaspace       used 45739K, committed 46848K, reserved 1114112K
  class space    used 4351K, committed 4864K, reserved 1048576K
}
Event: 24.512 GC heap after
{Heap after GC invocations=78 (full 2):
 PSYoungGen      total 15360K, used 1664K [0x00000000d5580000, 0x00000000d6680000, 0x0000000100000000)
  eden space 13312K, 0% used [0x00000000d5580000,0x00000000d5580000,0x00000000d6280000)
  from space 2048K, 81% used [0x00000000d6480000,0x00000000d6620020,0x00000000d6680000)
  to   space 2048K, 0% used [0x00000000d6280000,0x00000000d6280000,0x00000000d6480000)
 ParOldGen       total 88576K, used 88128K [0x0000000080000000, 0x0000000085680000, 0x00000000d5580000)
  object space 88576K, 99% used [0x0000000080000000,0x00000000856102d0,0x0000000085680000)
 Metaspace       used 45739K, committed 46848K, reserved 1114112K
  class space    used 4351K, committed 4864K, reserved 1048576K
}
Event: 24.596 GC heap before
{Heap before GC invocations=79 (full 2):
 PSYoungGen      total 15360K, used 14976K [0x00000000d5580000, 0x00000000d6680000, 0x0000000100000000)
  eden space 13312K, 100% used [0x00000000d5580000,0x00000000d6280000,0x00000000d6280000)
  from space 2048K, 81% used [0x00000000d6480000,0x00000000d6620020,0x00000000d6680000)
  to   space 2048K, 0% used [0x00000000d6280000,0x00000000d6280000,0x00000000d6480000)
 ParOldGen       total 88576K, used 88128K [0x0000000080000000, 0x0000000085680000, 0x00000000d5580000)
  object space 88576K, 99% used [0x0000000080000000,0x00000000856102d0,0x0000000085680000)
 Metaspace       used 45739K, committed 46848K, reserved 1114112K
  class space    used 4351K, committed 4864K, reserved 1048576K
}
Event: 24.600 GC heap after
{Heap after GC invocations=79 (full 2):
 PSYoungGen      total 15360K, used 2000K [0x00000000d5580000, 0x00000000d6780000, 0x0000000100000000)
  eden space 13312K, 0% used [0x00000000d5580000,0x00000000d5580000,0x00000000d6280000)
  from space 2048K, 97% used [0x00000000d6280000,0x00000000d6474070,0x00000000d6480000)
  to   space 2560K, 0% used [0x00000000d6500000,0x00000000d6500000,0x00000000d6780000)
 ParOldGen       total 89600K, used 89542K [0x0000000080000000, 0x0000000085780000, 0x00000000d5580000)
  object space 89600K, 99% used [0x0000000080000000,0x0000000085771810,0x0000000085780000)
 Metaspace       used 45739K, committed 46848K, reserved 1114112K
  class space    used 4351K, committed 4864K, reserved 1048576K
}
Event: 24.679 GC heap before
{Heap before GC invocations=80 (full 2):
 PSYoungGen      total 15360K, used 15312K [0x00000000d5580000, 0x00000000d6780000, 0x0000000100000000)
  eden space 13312K, 100% used [0x00000000d5580000,0x00000000d6280000,0x00000000d6280000)
  from space 2048K, 97% used [0x00000000d6280000,0x00000000d6474070,0x00000000d6480000)
  to   space 2560K, 0% used [0x00000000d6500000,0x00000000d6500000,0x00000000d6780000)
 ParOldGen       total 89600K, used 89542K [0x0000000080000000, 0x0000000085780000, 0x00000000d5580000)
  object space 89600K, 99% used [0x0000000080000000,0x0000000085771810,0x0000000085780000)
 Metaspace       used 45758K, committed 46848K, reserved 1114112K
  class space    used 4351K, committed 4864K, reserved 1048576K
}
Event: 24.684 GC heap after
{Heap after GC invocations=80 (full 2):
 PSYoungGen      total 14848K, used 1488K [0x00000000d5580000, 0x00000000d6680000, 0x0000000100000000)
  eden space 13312K, 0% used [0x00000000d5580000,0x00000000d5580000,0x00000000d6280000)
  from space 1536K, 96% used [0x00000000d6500000,0x00000000d6674030,0x00000000d6680000)
  to   space 2048K, 0% used [0x00000000d6280000,0x00000000d6280000,0x00000000d6480000)
 ParOldGen       total 91648K, used 91359K [0x0000000080000000, 0x0000000085980000, 0x00000000d5580000)
  object space 91648K, 99% used [0x0000000080000000,0x0000000085937ce8,0x0000000085980000)
 Metaspace       used 45758K, committed 46848K, reserved 1114112K
  class space    used 4351K, committed 4864K, reserved 1048576K
}
Event: 24.808 GC heap before
{Heap before GC invocations=81 (full 2):
 PSYoungGen      total 14848K, used 14800K [0x00000000d5580000, 0x00000000d6680000, 0x0000000100000000)
  eden space 13312K, 100% used [0x00000000d5580000,0x00000000d6280000,0x00000000d6280000)
  from space 1536K, 96% used [0x00000000d6500000,0x00000000d6674030,0x00000000d6680000)
  to   space 2048K, 0% used [0x00000000d6280000,0x00000000d6280000,0x00000000d6480000)
 ParOldGen       total 91648K, used 91359K [0x0000000080000000, 0x0000000085980000, 0x00000000d5580000)
  object space 91648K, 99% used [0x0000000080000000,0x0000000085937ce8,0x0000000085980000)
 Metaspace       used 45779K, committed 46912K, reserved 1114112K
  class space    used 4351K, committed 4864K, reserved 1048576K
}
Event: 24.811 GC heap after
{Heap after GC invocations=81 (full 2):
 PSYoungGen      total 15360K, used 2016K [0x00000000d5580000, 0x00000000d6a80000, 0x0000000100000000)
  eden space 13312K, 0% used [0x00000000d5580000,0x00000000d5580000,0x00000000d6280000)
  from space 2048K, 98% used [0x00000000d6280000,0x00000000d6478040,0x00000000d6480000)
  to   space 4096K, 0% used [0x00000000d6680000,0x00000000d6680000,0x00000000d6a80000)
 ParOldGen       total 93184K, used 92759K [0x0000000080000000, 0x0000000085b00000, 0x00000000d5580000)
  object space 93184K, 99% used [0x0000000080000000,0x0000000085a95c40,0x0000000085b00000)
 Metaspace       used 45779K, committed 46912K, reserved 1114112K
  class space    used 4351K, committed 4864K, reserved 1048576K
}

