# JRE version: OpenJDK Runtime Environment Temurin-21.0.12.1+1 (21.0.12.1+1) (build 21.0.12.1+1-LTS)
# Java VM: OpenJDK 64-Bit Server VM Temurin-21.0.12.1+1 (21.0.12.1+1-LTS, mixed mode, sharing, tiered, compressed oops, compressed class ptrs, parallel gc, windows-amd64)
GC Precious Log:
 CardTable entry size: 512
 CPUs: 8 total, 8 available
 Memory: 11972M
 Large Page Support: Disabled
 NUMA Support: Disabled
 Compressed Oops: Enabled (32-bit)
 Alignments: Space 512K, Generation 512K, Heap 2M
 Heap Min Capacity: 100M
 Heap Initial Capacity: 100M
 Heap Max Capacity: 2G
 Pre-touch: Disabled
 Parallel Workers: 8
Heap:
 PSYoungGen      total 24576K, used 14884K [0x00000000d5580000, 0x00000000d7280000, 0x0000000100000000)
  eden space 22016K, 57% used [0x00000000d5580000,0x00000000d61d8008,0x00000000d6b00000)
  from space 2560K, 87% used [0x00000000d6b00000,0x00000000d6d31000,0x00000000d6d80000)
  to   space 3072K, 0% used [0x00000000d6f80000,0x00000000d6f80000,0x00000000d7280000)
 ParOldGen       total 68608K, used 48961K [0x0000000080000000, 0x0000000084300000, 0x00000000d5580000)
  object space 68608K, 71% used [0x0000000080000000,0x0000000082fd0508,0x0000000084300000)
 Metaspace       used 50082K, committed 51456K, reserved 1114112K
  class space    used 5451K, committed 6016K, reserved 1048576K
GC Heap History (20 events):
Event: 13.540 GC heap before
{Heap before GC invocations=20 (full 2):
 PSYoungGen      total 24064K, used 24064K [0x00000000d5580000, 0x00000000d8400000, 0x0000000100000000)
  eden space 22016K, 100% used [0x00000000d5580000,0x00000000d6b00000,0x00000000d6b00000)
  from space 2048K, 100% used [0x00000000d6c80000,0x00000000d6e80000,0x00000000d6e80000)
  to   space 12800K, 0% used [0x00000000d7780000,0x00000000d7780000,0x00000000d8400000)
 ParOldGen       total 68608K, used 31306K [0x0000000080000000, 0x0000000084300000, 0x00000000d5580000)
  object space 68608K, 45% used [0x0000000080000000,0x0000000081e92bf0,0x0000000084300000)
 Metaspace       used 43765K, committed 44928K, reserved 1114112K
  class space    used 4749K, committed 5248K, reserved 1048576K
}
Event: 13.543 GC heap after
{Heap after GC invocations=20 (full 2):
 PSYoungGen      total 23552K, used 1120K [0x00000000d5580000, 0x00000000d7900000, 0x0000000100000000)
  eden space 22016K, 0% used [0x00000000d5580000,0x00000000d5580000,0x00000000d6b00000)
  from space 1536K, 72% used [0x00000000d7780000,0x00000000d7898000,0x00000000d7900000)
  to   space 5120K, 0% used [0x00000000d6f00000,0x00000000d6f00000,0x00000000d7400000)
 ParOldGen       total 68608K, used 33355K [0x0000000080000000, 0x0000000084300000, 0x00000000d5580000)
  object space 68608K, 48% used [0x0000000080000000,0x0000000082092ca0,0x0000000084300000)
 Metaspace       used 43765K, committed 44928K, reserved 1114112K
  class space    used 4749K, committed 5248K, reserved 1048576K
}
Event: 14.574 GC heap before
{Heap before GC invocations=21 (full 2):
 PSYoungGen      total 23552K, used 23136K [0x00000000d5580000, 0x00000000d7900000, 0x0000000100000000)
  eden space 22016K, 100% used [0x00000000d5580000,0x00000000d6b00000,0x00000000d6b00000)
  from space 1536K, 72% used [0x00000000d7780000,0x00000000d7898000,0x00000000d7900000)
  to   space 5120K, 0% used [0x00000000d6f00000,0x00000000d6f00000,0x00000000d7400000)
 ParOldGen       total 68608K, used 33355K [0x0000000080000000, 0x0000000084300000, 0x00000000d5580000)
  object space 68608K, 48% used [0x0000000080000000,0x0000000082092ca0,0x0000000084300000)
 Metaspace       used 46143K, committed 47360K, reserved 1114112K
  class space    used 5063K, committed 5568K, reserved 1048576K
}
Event: 14.578 GC heap after
{Heap after GC invocations=21 (full 2):
 PSYoungGen      total 27136K, used 1664K [0x00000000d5580000, 0x00000000d7800000, 0x0000000100000000)
  eden space 22016K, 0% used [0x00000000d5580000,0x00000000d5580000,0x00000000d6b00000)
  from space 5120K, 32% used [0x00000000d6f00000,0x00000000d70a0010,0x00000000d7400000)
  to   space 2560K, 0% used [0x00000000d7580000,0x00000000d7580000,0x00000000d7800000)
 ParOldGen       total 68608K, used 34342K [0x0000000080000000, 0x0000000084300000, 0x00000000d5580000)
  object space 68608K, 50% used [0x0000000080000000,0x00000000821899b0,0x0000000084300000)
 Metaspace       used 46143K, committed 47360K, reserved 1114112K
  class space    used 5063K, committed 5568K, reserved 1048576K
}
Event: 15.835 GC heap before
{Heap before GC invocations=22 (full 2):
 PSYoungGen      total 27136K, used 23680K [0x00000000d5580000, 0x00000000d7800000, 0x0000000100000000)
  eden space 22016K, 100% used [0x00000000d5580000,0x00000000d6b00000,0x00000000d6b00000)
  from space 5120K, 32% used [0x00000000d6f00000,0x00000000d70a0010,0x00000000d7400000)
  to   space 2560K, 0% used [0x00000000d7580000,0x00000000d7580000,0x00000000d7800000)
 ParOldGen       total 68608K, used 34342K [0x0000000080000000, 0x0000000084300000, 0x00000000d5580000)
  object space 68608K, 50% used [0x0000000080000000,0x00000000821899b0,0x0000000084300000)
 Metaspace       used 47112K, committed 48448K, reserved 1114112K
  class space    used 5152K, committed 5696K, reserved 1048576K
}
Event: 15.838 GC heap after
{Heap after GC invocations=22 (full 2):
 PSYoungGen      total 22528K, used 347K [0x00000000d5580000, 0x00000000d7600000, 0x0000000100000000)
  eden space 22016K, 0% used [0x00000000d5580000,0x00000000d5580000,0x00000000d6b00000)
  from space 512K, 67% used [0x00000000d7580000,0x00000000d75d6e98,0x00000000d7600000)
  to   space 1024K, 0% used [0x00000000d7400000,0x00000000d7400000,0x00000000d7500000)
 ParOldGen       total 68608K, used 35880K [0x0000000080000000, 0x0000000084300000, 0x00000000d5580000)
  object space 68608K, 52% used [0x0000000080000000,0x000000008230a090,0x0000000084300000)
 Metaspace       used 47112K, committed 48448K, reserved 1114112K
  class space    used 5152K, committed 5696K, reserved 1048576K
}
Event: 16.376 GC heap before
{Heap before GC invocations=23 (full 2):
 PSYoungGen      total 22528K, used 22363K [0x00000000d5580000, 0x00000000d7600000, 0x0000000100000000)
  eden space 22016K, 100% used [0x00000000d5580000,0x00000000d6b00000,0x00000000d6b00000)
  from space 512K, 67% used [0x00000000d7580000,0x00000000d75d6e98,0x00000000d7600000)
  to   space 1024K, 0% used [0x00000000d7400000,0x00000000d7400000,0x00000000d7500000)
 ParOldGen       total 68608K, used 35880K [0x0000000080000000, 0x0000000084300000, 0x00000000d5580000)
  object space 68608K, 52% used [0x0000000080000000,0x000000008230a090,0x0000000084300000)
 Metaspace       used 47250K, committed 48576K, reserved 1114112K
  class space    used 5175K, committed 5760K, reserved 1048576K
}
Event: 16.378 GC heap after
{Heap after GC invocations=23 (full 2):
 PSYoungGen      total 23040K, used 576K [0x00000000d5580000, 0x00000000d7600000, 0x0000000100000000)
  eden space 22016K, 0% used [0x00000000d5580000,0x00000000d5580000,0x00000000d6b00000)
  from space 1024K, 56% used [0x00000000d7400000,0x00000000d7490000,0x00000000d7500000)
  to   space 1024K, 0% used [0x00000000d7500000,0x00000000d7500000,0x00000000d7600000)
 ParOldGen       total 68608K, used 36132K [0x0000000080000000, 0x0000000084300000, 0x00000000d5580000)
  object space 68608K, 52% used [0x0000000080000000,0x0000000082349260,0x0000000084300000)
 Metaspace       used 47250K, committed 48576K, reserved 1114112K
  class space    used 5175K, committed 5760K, reserved 1048576K
}
Event: 17.192 GC heap before
{Heap before GC invocations=24 (full 2):
 PSYoungGen      total 23040K, used 22592K [0x00000000d5580000, 0x00000000d7600000, 0x0000000100000000)
  eden space 22016K, 100% used [0x00000000d5580000,0x00000000d6b00000,0x00000000d6b00000)
  from space 1024K, 56% used [0x00000000d7400000,0x00000000d7490000,0x00000000d7500000)
  to   space 1024K, 0% used [0x00000000d7500000,0x00000000d7500000,0x00000000d7600000)
 ParOldGen       total 68608K, used 36136K [0x0000000080000000, 0x0000000084300000, 0x00000000d5580000)
  object space 68608K, 52% used [0x0000000080000000,0x000000008234a348,0x0000000084300000)
 Metaspace       used 48491K, committed 49792K, reserved 1114112K
  class space    used 5305K, committed 5888K, reserved 1048576K
}
Event: 17.196 GC heap after
{Heap after GC invocations=24 (full 2):
 PSYoungGen      total 23040K, used 1021K [0x00000000d5580000, 0x00000000d7600000, 0x0000000100000000)
  eden space 22016K, 0% used [0x00000000d5580000,0x00000000d5580000,0x00000000d6b00000)
  from space 1024K, 99% used [0x00000000d7500000,0x00000000d75ff4b0,0x00000000d7600000)
  to   space 5632K, 0% used [0x00000000d6b00000,0x00000000d6b00000,0x00000000d7080000)
 ParOldGen       total 68608K, used 39615K [0x0000000080000000, 0x0000000084300000, 0x00000000d5580000)
  object space 68608K, 57% used [0x0000000080000000,0x00000000826afe70,0x0000000084300000)
 Metaspace       used 48491K, committed 49792K, reserved 1114112K
  class space    used 5305K, committed 5888K, reserved 1048576K
}
Event: 18.050 GC heap before
{Heap before GC invocations=25 (full 2):
 PSYoungGen      total 23040K, used 23037K [0x00000000d5580000, 0x00000000d7600000, 0x0000000100000000)
  eden space 22016K, 100% used [0x00000000d5580000,0x00000000d6b00000,0x00000000d6b00000)
  from space 1024K, 99% used [0x00000000d7500000,0x00000000d75ff4b0,0x00000000d7600000)
  to   space 5632K, 0% used [0x00000000d6b00000,0x00000000d6b00000,0x00000000d7080000)
 ParOldGen       total 68608K, used 39615K [0x0000000080000000, 0x0000000084300000, 0x00000000d5580000)
  object space 68608K, 57% used [0x0000000080000000,0x00000000826afe70,0x0000000084300000)
 Metaspace       used 49631K, committed 51008K, reserved 1114112K
  class space    used 5393K, committed 5952K, reserved 1048576K
}
Event: 18.056 GC heap after
{Heap after GC invocations=25 (full 2):
 PSYoungGen      total 27648K, used 2272K [0x00000000d5580000, 0x00000000d7580000, 0x0000000100000000)
  eden space 22016K, 0% used [0x00000000d5580000,0x00000000d5580000,0x00000000d6b00000)
  from space 5632K, 40% used [0x00000000d6b00000,0x00000000d6d38030,0x00000000d7080000)
  to   space 3072K, 0% used [0x00000000d7280000,0x00000000d7280000,0x00000000d7580000)
 ParOldGen       total 68608K, used 40583K [0x0000000080000000, 0x0000000084300000, 0x00000000d5580000)
  object space 68608K, 59% used [0x0000000080000000,0x00000000827a1cf0,0x0000000084300000)
 Metaspace       used 49631K, committed 51008K, reserved 1114112K
  class space    used 5393K, committed 5952K, reserved 1048576K
}
Event: 18.174 GC heap before
{Heap before GC invocations=26 (full 2):
 PSYoungGen      total 27648K, used 24288K [0x00000000d5580000, 0x00000000d7580000, 0x0000000100000000)
  eden space 22016K, 100% used [0x00000000d5580000,0x00000000d6b00000,0x00000000d6b00000)
  from space 5632K, 40% used [0x00000000d6b00000,0x00000000d6d38030,0x00000000d7080000)
  to   space 3072K, 0% used [0x00000000d7280000,0x00000000d7280000,0x00000000d7580000)
 ParOldGen       total 68608K, used 40583K [0x0000000080000000, 0x0000000084300000, 0x00000000d5580000)
  object space 68608K, 59% used [0x0000000080000000,0x00000000827a1cf0,0x0000000084300000)
 Metaspace       used 49633K, committed 51008K, reserved 1114112K
  class space    used 5393K, committed 5952K, reserved 1048576K
}
Event: 18.182 GC heap after
{Heap after GC invocations=26 (full 2):
 PSYoungGen      total 24064K, used 1984K [0x00000000d5580000, 0x00000000d7480000, 0x0000000100000000)
  eden space 22016K, 0% used [0x00000000d5580000,0x00000000d5580000,0x00000000d6b00000)
  from space 2048K, 96% used [0x00000000d7280000,0x00000000d7470010,0x00000000d7480000)
  to   space 2560K, 0% used [0x00000000d6f80000,0x00000000d6f80000,0x00000000d7200000)
 ParOldGen       total 68608K, used 42752K [0x0000000080000000, 0x0000000084300000, 0x00000000d5580000)
  object space 68608K, 62% used [0x0000000080000000,0x00000000829c00b8,0x0000000084300000)
 Metaspace       used 49633K, committed 51008K, reserved 1114112K
  class space    used 5393K, committed 5952K, reserved 1048576K
}
Event: 18.486 GC heap before
{Heap before GC invocations=27 (full 2):
 PSYoungGen      total 24064K, used 24000K [0x00000000d5580000, 0x00000000d7480000, 0x0000000100000000)
  eden space 22016K, 100% used [0x00000000d5580000,0x00000000d6b00000,0x00000000d6b00000)
  from space 2048K, 96% used [0x00000000d7280000,0x00000000d7470010,0x00000000d7480000)
  to   space 2560K, 0% used [0x00000000d6f80000,0x00000000d6f80000,0x00000000d7200000)
 ParOldGen       total 68608K, used 42752K [0x0000000080000000, 0x0000000084300000, 0x00000000d5580000)
  object space 68608K, 62% used [0x0000000080000000,0x00000000829c00b8,0x0000000084300000)
 Metaspace       used 50007K, committed 51264K, reserved 1114112K
  class space    used 5448K, committed 5952K, reserved 1048576K
}
Event: 18.491 GC heap after
{Heap after GC invocations=27 (full 2):
 PSYoungGen      total 24576K, used 2530K [0x00000000d5580000, 0x00000000d7300000, 0x0000000100000000)
  eden space 22016K, 0% used [0x00000000d5580000,0x00000000d5580000,0x00000000d6b00000)
  from space 2560K, 98% used [0x00000000d6f80000,0x00000000d71f8840,0x00000000d7200000)
  to   space 1024K, 0% used [0x00000000d7200000,0x00000000d7200000,0x00000000d7300000)
 ParOldGen       total 68608K, used 44624K [0x0000000080000000, 0x0000000084300000, 0x00000000d5580000)
  object space 68608K, 65% used [0x0000000080000000,0x0000000082b940b8,0x0000000084300000)
 Metaspace       used 50007K, committed 51264K, reserved 1114112K
  class space    used 5448K, committed 5952K, reserved 1048576K
}
Event: 18.703 GC heap before
{Heap before GC invocations=28 (full 2):
 PSYoungGen      total 24576K, used 24546K [0x00000000d5580000, 0x00000000d7300000, 0x0000000100000000)
  eden space 22016K, 100% used [0x00000000d5580000,0x00000000d6b00000,0x00000000d6b00000)
  from space 2560K, 98% used [0x00000000d6f80000,0x00000000d71f8840,0x00000000d7200000)
  to   space 1024K, 0% used [0x00000000d7200000,0x00000000d7200000,0x00000000d7300000)
 ParOldGen       total 68608K, used 44624K [0x0000000080000000, 0x0000000084300000, 0x00000000d5580000)
  object space 68608K, 65% used [0x0000000080000000,0x0000000082b940b8,0x0000000084300000)
 Metaspace       used 50023K, committed 51264K, reserved 1114112K
  class space    used 5448K, committed 5952K, reserved 1048576K
}
Event: 18.710 GC heap after
{Heap after GC invocations=28 (full 2):
 PSYoungGen      total 23040K, used 1024K [0x00000000d5580000, 0x00000000d7500000, 0x0000000100000000)
  eden space 22016K, 0% used [0x00000000d5580000,0x00000000d5580000,0x00000000d6b00000)
  from space 1024K, 100% used [0x00000000d7200000,0x00000000d7300000,0x00000000d7300000)
  to   space 5120K, 0% used [0x00000000d6b00000,0x00000000d6b00000,0x00000000d7000000)
 ParOldGen       total 68608K, used 47978K [0x0000000080000000, 0x0000000084300000, 0x00000000d5580000)
  object space 68608K, 69% used [0x0000000080000000,0x0000000082edab58,0x0000000084300000)
 Metaspace       used 50023K, committed 51264K, reserved 1114112K
  class space    used 5448K, committed 5952K, reserved 1048576K
}
Event: 18.884 GC heap before
{Heap before GC invocations=29 (full 2):
 PSYoungGen      total 23040K, used 23040K [0x00000000d5580000, 0x00000000d7500000, 0x0000000100000000)
  eden space 22016K, 100% used [0x00000000d5580000,0x00000000d6b00000,0x00000000d6b00000)
  from space 1024K, 100% used [0x00000000d7200000,0x00000000d7300000,0x00000000d7300000)
  to   space 5120K, 0% used [0x00000000d6b00000,0x00000000d6b00000,0x00000000d7000000)
 ParOldGen       total 68608K, used 47978K [0x0000000080000000, 0x0000000084300000, 0x00000000d5580000)
  object space 68608K, 69% used [0x0000000080000000,0x0000000082edab58,0x0000000084300000)
 Metaspace       used 50041K, committed 51456K, reserved 1114112K
  class space    used 5448K, committed 6016K, reserved 1048576K
}
Event: 18.888 GC heap after
{Heap after GC invocations=29 (full 2):
 PSYoungGen      total 24576K, used 2244K [0x00000000d5580000, 0x00000000d7280000, 0x0000000100000000)
  eden space 22016K, 0% used [0x00000000d5580000,0x00000000d5580000,0x00000000d6b00000)
  from space 2560K, 87% used [0x00000000d6b00000,0x00000000d6d31000,0x00000000d6d80000)
  to   space 3072K, 0% used [0x00000000d6f80000,0x00000000d6f80000,0x00000000d7280000)
 ParOldGen       total 68608K, used 48961K [0x0000000080000000, 0x0000000084300000, 0x00000000d5580000)
  object space 68608K, 71% used [0x0000000080000000,0x0000000082fd0508,0x0000000084300000)
 Metaspace       used 50041K, committed 51456K, reserved 1114112K
  class space    used 5448K, committed 6016K, reserved 1048576K
}

